0 info it worked if it ends with ok
1 verbose cli [ '/Users/ataka/.meteor/packages/meteor-tool/.1.4.1_1.1h0re2h++os.osx.x86_64+web.browser+web.cordova/mt-os.osx.x86_64/dev_bundle/bin/node',
1 verbose cli   '/Users/ataka/.meteor/packages/meteor-tool/1.4.1_1/mt-os.osx.x86_64/dev_bundle/bin/npm',
1 verbose cli   'run',
1 verbose cli   'start' ]
2 info using npm@3.10.6
3 info using node@v4.5.0
4 verbose run-script [ 'prestart', 'start', 'poststart' ]
5 info lifecycle digits2@~prestart: digits2@
6 silly lifecycle digits2@~prestart: no script for prestart, continuing
7 info lifecycle digits2@~start: digits2@
8 verbose lifecycle digits2@~start: unsafe-perm in lifecycle true
9 verbose lifecycle digits2@~start: PATH: /Users/ataka/.meteor/packages/meteor-tool/.1.4.1_1.1h0re2h++os.osx.x86_64+web.browser+web.cordova/mt-os.osx.x86_64/dev_bundle/lib/node_modules/npm/bin/node-gyp-bin:/Users/ataka/Documents/ICS314TA/digits2/app/node_modules/.bin:/Users/ataka/.meteor/packages/meteor-tool/.1.4.1_1.1h0re2h++os.osx.x86_64+web.browser+web.cordova/mt-os.osx.x86_64/dev_bundle/bin:/Users/ataka/.meteor/packages/meteor-tool/1.4.1_1/mt-os.osx.x86_64/dev_bundle/bin:/Users/ataka/.meteor/packages/meteor-tool/1.4.1_1/mt-os.osx.x86_64/dev_bundle/lib/node_modules/.bin:/usr/local/bin:/usr/bin:/bin:/usr/sbin:/sbin:/Library/TeX/texbin:/Library/TeX/texbin/
10 verbose lifecycle digits2@~start: CWD: /Users/ataka/Documents/ICS314TA/digits2/app
11 silly lifecycle digits2@~start: Args: [ '-c',
11 silly lifecycle   'meteor --settings ../config/settings.development.json' ]
12 silly lifecycle digits2@~start: Returned: code: 254  signal: null
13 info lifecycle digits2@~start: Failed to exec start script
14 verbose stack Error: digits2@ start: `meteor --settings ../config/settings.development.json`
14 verbose stack Exit status 254
14 verbose stack     at EventEmitter.<anonymous> (/Users/ataka/.meteor/packages/meteor-tool/.1.4.1_1.1h0re2h++os.osx.x86_64+web.browser+web.cordova/mt-os.osx.x86_64/dev_bundle/lib/node_modules/npm/lib/utils/lifecycle.js:255:16)
14 verbose stack     at emitTwo (events.js:87:13)
14 verbose stack     at EventEmitter.emit (events.js:172:7)
14 verbose stack     at ChildProcess.<anonymous> (/Users/ataka/.meteor/packages/meteor-tool/.1.4.1_1.1h0re2h++os.osx.x86_64+web.browser+web.cordova/mt-os.osx.x86_64/dev_bundle/lib/node_modules/npm/lib/utils/spawn.js:40:14)
14 verbose stack     at emitTwo (events.js:87:13)
14 verbose stack     at ChildProcess.emit (events.js:172:7)
14 verbose stack     at maybeClose (internal/child_process.js:829:16)
14 verbose stack     at Process.ChildProcess._handle.onexit (internal/child_process.js:211:5)
15 verbose pkgid digits2@
16 verbose cwd /Users/ataka/Documents/ICS314TA/digits2/app
17 error Darwin 15.6.0
18 error argv "/Users/ataka/.meteor/packages/meteor-tool/.1.4.1_1.1h0re2h++os.osx.x86_64+web.browser+web.cordova/mt-os.osx.x86_64/dev_bundle/bin/node" "/Users/ataka/.meteor/packages/meteor-tool/1.4.1_1/mt-os.osx.x86_64/dev_bundle/bin/npm" "run" "start"
19 error node v4.5.0
20 error npm  v3.10.6
21 error code ELIFECYCLE
22 error digits2@ start: `meteor --settings ../config/settings.development.json`
22 error Exit status 254
23 error Failed at the digits2@ start script 'meteor --settings ../config/settings.development.json'.
23 error Make sure you have the latest version of node.js and npm installed.
23 error If you do, this is most likely a problem with the digits2 package,
23 error not with npm itself.
23 error Tell the author that this fails on your system:
23 error     meteor --settings ../config/settings.development.json
23 error You can get information on how to open an issue for this project with:
23 error     npm bugs digits2
23 error Or if that isn't available, you can get their info via:
23 error     npm owner ls digits2
23 error There is likely additional logging output above.
24 verbose exit [ 1, true ]
